<?xml version="1.0" encoding="windows-1252" standalone="no"?>
<!DOCTYPE log SYSTEM "logger.dtd">
<log>
<record>
  <date>2023-08-10T23:32:26.128309Z</date>
  <millis>1691710346128</millis>
  <nanos>309000</nanos>
  <sequence>0</sequence>
  <logger>InfoLogger</logger>
  <level>INFO</level>
  <class>passengers.Passenger</class>
  <method>&lt;init&gt;</method>
  <thread>23</thread>
  <message>Passenger created: Adam Jovanovic</message>
</record>
<record>
  <date>2023-08-10T23:32:26.138281300Z</date>
  <millis>1691710346138</millis>
  <nanos>281300</nanos>
  <sequence>1</sequence>
  <logger>InfoLogger</logger>
  <level>INFO</level>
  <class>vehicles.Truck</class>
  <method>&lt;init&gt;</method>
  <thread>23</thread>
  <message>Truck successfully created.</message>
</record>
<record>
  <date>2023-08-10T23:32:26.139280600Z</date>
  <millis>1691710346139</millis>
  <nanos>280600</nanos>
  <sequence>2</sequence>
  <logger>InfoLogger</logger>
  <level>INFO</level>
  <class>passengers.Passenger</class>
  <method>&lt;init&gt;</method>
  <thread>23</thread>
  <message>Passenger created: Grace Djor?evic</message>
</record>
<record>
  <date>2023-08-10T23:32:26.140276Z</date>
  <millis>1691710346140</millis>
  <nanos>276000</nanos>
  <sequence>3</sequence>
  <logger>InfoLogger</logger>
  <level>INFO</level>
  <class>passengers.Passenger</class>
  <method>&lt;init&gt;</method>
  <thread>23</thread>
  <message>Passenger created: Elena Colombo</message>
</record>
<record>
  <date>2023-08-10T23:32:26.140276Z</date>
  <millis>1691710346140</millis>
  <nanos>276000</nanos>
  <sequence>4</sequence>
  <logger>InfoLogger</logger>
  <level>INFO</level>
  <class>vehicles.Truck</class>
  <method>&lt;init&gt;</method>
  <thread>23</thread>
  <message>Truck successfully created.</message>
</record>
<record>
  <date>2023-08-10T23:32:26.141274300Z</date>
  <millis>1691710346141</millis>
  <nanos>274300</nanos>
  <sequence>5</sequence>
  <logger>InfoLogger</logger>
  <level>INFO</level>
  <class>passengers.Passenger</class>
  <method>&lt;init&gt;</method>
  <thread>23</thread>
  <message>Passenger created: Bojana Bertrand</message>
</record>
<record>
  <date>2023-08-10T23:32:26.142271600Z</date>
  <millis>1691710346142</millis>
  <nanos>271600</nanos>
  <sequence>6</sequence>
  <logger>InfoLogger</logger>
  <level>INFO</level>
  <class>passengers.Passenger</class>
  <method>&lt;init&gt;</method>
  <thread>23</thread>
  <message>Passenger created: Hikaru Martin</message>
</record>
<record>
  <date>2023-08-10T23:32:26.143268Z</date>
  <millis>1691710346143</millis>
  <nanos>268000</nanos>
  <sequence>7</sequence>
  <logger>InfoLogger</logger>
  <level>INFO</level>
  <class>passengers.Passenger</class>
  <method>&lt;init&gt;</method>
  <thread>23</thread>
  <message>Passenger created: Zoran Zaitsev</message>
</record>
<record>
  <date>2023-08-10T23:32:26.143268Z</date>
  <millis>1691710346143</millis>
  <nanos>268000</nanos>
  <sequence>8</sequence>
  <logger>InfoLogger</logger>
  <level>INFO</level>
  <class>vehicles.Truck</class>
  <method>&lt;init&gt;</method>
  <thread>23</thread>
  <message>Truck successfully created.</message>
</record>
<record>
  <date>2023-08-10T23:32:26.144265900Z</date>
  <millis>1691710346144</millis>
  <nanos>265900</nanos>
  <sequence>9</sequence>
  <logger>InfoLogger</logger>
  <level>INFO</level>
  <class>passengers.Passenger</class>
  <method>&lt;init&gt;</method>
  <thread>23</thread>
  <message>Passenger created: Eva Clark</message>
</record>
<record>
  <date>2023-08-10T23:32:26.144265900Z</date>
  <millis>1691710346144</millis>
  <nanos>265900</nanos>
  <sequence>10</sequence>
  <logger>InfoLogger</logger>
  <level>INFO</level>
  <class>vehicles.Truck</class>
  <method>&lt;init&gt;</method>
  <thread>23</thread>
  <message>Truck successfully created.</message>
</record>
<record>
  <date>2023-08-10T23:32:26.145263200Z</date>
  <millis>1691710346145</millis>
  <nanos>263200</nanos>
  <sequence>11</sequence>
  <logger>InfoLogger</logger>
  <level>INFO</level>
  <class>passengers.Passenger</class>
  <method>&lt;init&gt;</method>
  <thread>23</thread>
  <message>Passenger created: Yuma Sokolov</message>
</record>
<record>
  <date>2023-08-10T23:32:26.146260100Z</date>
  <millis>1691710346146</millis>
  <nanos>260100</nanos>
  <sequence>12</sequence>
  <logger>InfoLogger</logger>
  <level>INFO</level>
  <class>passengers.Passenger</class>
  <method>&lt;init&gt;</method>
  <thread>23</thread>
  <message>Passenger created: Olivia Fournier</message>
</record>
<record>
  <date>2023-08-10T23:32:26.147257800Z</date>
  <millis>1691710346147</millis>
  <nanos>257800</nanos>
  <sequence>13</sequence>
  <logger>InfoLogger</logger>
  <level>INFO</level>
  <class>vehicles.Truck</class>
  <method>&lt;init&gt;</method>
  <thread>23</thread>
  <message>Truck successfully created.</message>
</record>
<record>
  <date>2023-08-10T23:32:26.148255200Z</date>
  <millis>1691710346148</millis>
  <nanos>255200</nanos>
  <sequence>14</sequence>
  <logger>InfoLogger</logger>
  <level>INFO</level>
  <class>passengers.Passenger</class>
  <method>&lt;init&gt;</method>
  <thread>23</thread>
  <message>Passenger created: Elena Harris</message>
</record>
<record>
  <date>2023-08-10T23:32:26.149253Z</date>
  <millis>1691710346149</millis>
  <nanos>253000</nanos>
  <sequence>15</sequence>
  <logger>InfoLogger</logger>
  <level>INFO</level>
  <class>passengers.Passenger</class>
  <method>&lt;init&gt;</method>
  <thread>23</thread>
  <message>Passenger created: Lily Romano</message>
</record>
<record>
  <date>2023-08-10T23:32:26.149253Z</date>
  <millis>1691710346149</millis>
  <nanos>253000</nanos>
  <sequence>16</sequence>
  <logger>InfoLogger</logger>
  <level>INFO</level>
  <class>vehicles.Truck</class>
  <method>&lt;init&gt;</method>
  <thread>23</thread>
  <message>Truck successfully created.</message>
</record>
<record>
  <date>2023-08-10T23:32:26.150249900Z</date>
  <millis>1691710346150</millis>
  <nanos>249900</nanos>
  <sequence>17</sequence>
  <logger>InfoLogger</logger>
  <level>INFO</level>
  <class>passengers.Passenger</class>
  <method>&lt;init&gt;</method>
  <thread>23</thread>
  <message>Passenger created: Lea Becker</message>
</record>
<record>
  <date>2023-08-10T23:32:26.150249900Z</date>
  <millis>1691710346150</millis>
  <nanos>249900</nanos>
  <sequence>18</sequence>
  <logger>InfoLogger</logger>
  <level>INFO</level>
  <class>vehicles.Truck</class>
  <method>&lt;init&gt;</method>
  <thread>23</thread>
  <message>Truck successfully created.</message>
</record>
<record>
  <date>2023-08-10T23:32:26.151247300Z</date>
  <millis>1691710346151</millis>
  <nanos>247300</nanos>
  <sequence>19</sequence>
  <logger>InfoLogger</logger>
  <level>INFO</level>
  <class>passengers.Passenger</class>
  <method>&lt;init&gt;</method>
  <thread>23</thread>
  <message>Passenger created: Emma Moretti</message>
</record>
<record>
  <date>2023-08-10T23:32:26.151247300Z</date>
  <millis>1691710346151</millis>
  <nanos>247300</nanos>
  <sequence>20</sequence>
  <logger>InfoLogger</logger>
  <level>INFO</level>
  <class>vehicles.Truck</class>
  <method>&lt;init&gt;</method>
  <thread>23</thread>
  <message>Truck successfully created.</message>
</record>
<record>
  <date>2023-08-10T23:32:26.151247300Z</date>
  <millis>1691710346151</millis>
  <nanos>247300</nanos>
  <sequence>21</sequence>
  <logger>InfoLogger</logger>
  <level>INFO</level>
  <class>passengers.Passenger</class>
  <method>&lt;init&gt;</method>
  <thread>23</thread>
  <message>Passenger created: Layla Santoro</message>
</record>
<record>
  <date>2023-08-10T23:32:26.152244900Z</date>
  <millis>1691710346152</millis>
  <nanos>244900</nanos>
  <sequence>22</sequence>
  <logger>InfoLogger</logger>
  <level>INFO</level>
  <class>passengers.Passenger</class>
  <method>&lt;init&gt;</method>
  <thread>23</thread>
  <message>Passenger created: Alina Matsumoto</message>
</record>
<record>
  <date>2023-08-10T23:32:26.152244900Z</date>
  <millis>1691710346152</millis>
  <nanos>244900</nanos>
  <sequence>23</sequence>
  <logger>InfoLogger</logger>
  <level>INFO</level>
  <class>vehicles.Truck</class>
  <method>&lt;init&gt;</method>
  <thread>23</thread>
  <message>Truck successfully created.</message>
</record>
<record>
  <date>2023-08-10T23:32:26.152244900Z</date>
  <millis>1691710346152</millis>
  <nanos>244900</nanos>
  <sequence>24</sequence>
  <logger>InfoLogger</logger>
  <level>INFO</level>
  <class>passengers.Passenger</class>
  <method>&lt;init&gt;</method>
  <thread>23</thread>
  <message>Passenger created: Hannah Pavlovic</message>
</record>
<record>
  <date>2023-08-10T23:32:26.153241500Z</date>
  <millis>1691710346153</millis>
  <nanos>241500</nanos>
  <sequence>25</sequence>
  <logger>InfoLogger</logger>
  <level>INFO</level>
  <class>vehicles.Truck</class>
  <method>&lt;init&gt;</method>
  <thread>23</thread>
  <message>Truck successfully created.</message>
</record>
<record>
  <date>2023-08-10T23:32:26.154239100Z</date>
  <millis>1691710346154</millis>
  <nanos>239100</nanos>
  <sequence>26</sequence>
  <logger>InfoLogger</logger>
  <level>INFO</level>
  <class>passengers.Passenger</class>
  <method>&lt;init&gt;</method>
  <thread>23</thread>
  <message>Passenger created: Eric Muller</message>
</record>
<record>
  <date>2023-08-10T23:32:26.155236500Z</date>
  <millis>1691710346155</millis>
  <nanos>236500</nanos>
  <sequence>27</sequence>
  <logger>InfoLogger</logger>
  <level>INFO</level>
  <class>passengers.Passenger</class>
  <method>&lt;init&gt;</method>
  <thread>23</thread>
  <message>Passenger created: Ryan Bertrand</message>
</record>
<record>
  <date>2023-08-10T23:32:26.155236500Z</date>
  <millis>1691710346155</millis>
  <nanos>236500</nanos>
  <sequence>28</sequence>
  <logger>InfoLogger</logger>
  <level>INFO</level>
  <class>vehicles.Truck</class>
  <method>&lt;init&gt;</method>
  <thread>23</thread>
  <message>Truck successfully created.</message>
</record>
<record>
  <date>2023-08-10T23:32:26.156233700Z</date>
  <millis>1691710346156</millis>
  <nanos>233700</nanos>
  <sequence>29</sequence>
  <logger>InfoLogger</logger>
  <level>INFO</level>
  <class>passengers.Passenger</class>
  <method>&lt;init&gt;</method>
  <thread>23</thread>
  <message>Passenger created: Yamato Schmitt</message>
</record>
<record>
  <date>2023-08-10T23:32:26.156233700Z</date>
  <millis>1691710346156</millis>
  <nanos>233700</nanos>
  <sequence>30</sequence>
  <logger>InfoLogger</logger>
  <level>INFO</level>
  <class>passengers.Passenger</class>
  <method>&lt;init&gt;</method>
  <thread>23</thread>
  <message>Passenger created: Fabian Morozov</message>
</record>
<record>
  <date>2023-08-10T23:32:26.157230600Z</date>
  <millis>1691710346157</millis>
  <nanos>230600</nanos>
  <sequence>31</sequence>
  <logger>InfoLogger</logger>
  <level>INFO</level>
  <class>passengers.Passenger</class>
  <method>&lt;init&gt;</method>
  <thread>23</thread>
  <message>Passenger created: Nico Ilic</message>
</record>
<record>
  <date>2023-08-10T23:32:26.158228300Z</date>
  <millis>1691710346158</millis>
  <nanos>228300</nanos>
  <sequence>32</sequence>
  <logger>InfoLogger</logger>
  <level>INFO</level>
  <class>vehicles.Truck</class>
  <method>&lt;init&gt;</method>
  <thread>23</thread>
  <message>Truck successfully created.</message>
</record>
<record>
  <date>2023-08-10T23:32:26.158228300Z</date>
  <millis>1691710346158</millis>
  <nanos>228300</nanos>
  <sequence>33</sequence>
  <logger>InfoLogger</logger>
  <level>INFO</level>
  <class>passengers.Passenger</class>
  <method>&lt;init&gt;</method>
  <thread>23</thread>
  <message>Passenger created: Viola Semyonov</message>
</record>
<record>
  <date>2023-08-10T23:32:26.159225600Z</date>
  <millis>1691710346159</millis>
  <nanos>225600</nanos>
  <sequence>34</sequence>
  <logger>InfoLogger</logger>
  <level>INFO</level>
  <class>vehicles.Truck</class>
  <method>&lt;init&gt;</method>
  <thread>23</thread>
  <message>Truck successfully created.</message>
</record>
<record>
  <date>2023-08-10T23:32:26.159225600Z</date>
  <millis>1691710346159</millis>
  <nanos>225600</nanos>
  <sequence>35</sequence>
  <logger>InfoLogger</logger>
  <level>INFO</level>
  <class>passengers.Passenger</class>
  <method>&lt;init&gt;</method>
  <thread>23</thread>
  <message>Passenger created: Miroslav Walker</message>
</record>
<record>
  <date>2023-08-10T23:32:26.160223200Z</date>
  <millis>1691710346160</millis>
  <nanos>223200</nanos>
  <sequence>36</sequence>
  <logger>InfoLogger</logger>
  <level>INFO</level>
  <class>passengers.Passenger</class>
  <method>&lt;init&gt;</method>
  <thread>23</thread>
  <message>Passenger created: Maja Wagner</message>
</record>
<record>
  <date>2023-08-10T23:32:26.160223200Z</date>
  <millis>1691710346160</millis>
  <nanos>223200</nanos>
  <sequence>37</sequence>
  <logger>InfoLogger</logger>
  <level>INFO</level>
  <class>vehicles.Truck</class>
  <method>&lt;init&gt;</method>
  <thread>23</thread>
  <message>Truck successfully created.</message>
</record>
<record>
  <date>2023-08-10T23:32:26.161220900Z</date>
  <millis>1691710346161</millis>
  <nanos>220900</nanos>
  <sequence>38</sequence>
  <logger>InfoLogger</logger>
  <level>INFO</level>
  <class>passengers.Passenger</class>
  <method>&lt;init&gt;</method>
  <thread>23</thread>
  <message>Passenger created: Amelia Williams</message>
</record>
<record>
  <date>2023-08-10T23:32:26.161220900Z</date>
  <millis>1691710346161</millis>
  <nanos>220900</nanos>
  <sequence>39</sequence>
  <logger>InfoLogger</logger>
  <level>INFO</level>
  <class>passengers.Passenger</class>
  <method>&lt;init&gt;</method>
  <thread>23</thread>
  <message>Passenger created: Aria Richard</message>
</record>
<record>
  <date>2023-08-10T23:32:26.162217900Z</date>
  <millis>1691710346162</millis>
  <nanos>217900</nanos>
  <sequence>40</sequence>
  <logger>InfoLogger</logger>
  <level>INFO</level>
  <class>vehicles.Truck</class>
  <method>&lt;init&gt;</method>
  <thread>23</thread>
  <message>Truck successfully created.</message>
</record>
<record>
  <date>2023-08-10T23:32:26.162217900Z</date>
  <millis>1691710346162</millis>
  <nanos>217900</nanos>
  <sequence>41</sequence>
  <logger>InfoLogger</logger>
  <level>INFO</level>
  <class>passengers.Passenger</class>
  <method>&lt;init&gt;</method>
  <thread>23</thread>
  <message>Passenger created: Lily Hernandez</message>
</record>
<record>
  <date>2023-08-10T23:32:26.162217900Z</date>
  <millis>1691710346162</millis>
  <nanos>217900</nanos>
  <sequence>42</sequence>
  <logger>InfoLogger</logger>
  <level>INFO</level>
  <class>vehicles.Truck</class>
  <method>&lt;init&gt;</method>
  <thread>23</thread>
  <message>Truck successfully created.</message>
</record>
<record>
  <date>2023-08-10T23:32:26.163215400Z</date>
  <millis>1691710346163</millis>
  <nanos>215400</nanos>
  <sequence>43</sequence>
  <logger>InfoLogger</logger>
  <level>INFO</level>
  <class>passengers.Passenger</class>
  <method>&lt;init&gt;</method>
  <thread>23</thread>
  <message>Passenger created: Éléna Hofmann</message>
</record>
<record>
  <date>2023-08-10T23:32:26.163215400Z</date>
  <millis>1691710346163</millis>
  <nanos>215400</nanos>
  <sequence>44</sequence>
  <logger>InfoLogger</logger>
  <level>INFO</level>
  <class>vehicles.Truck</class>
  <method>&lt;init&gt;</method>
  <thread>23</thread>
  <message>Truck successfully created.</message>
</record>
<record>
  <date>2023-08-10T23:32:26.163215400Z</date>
  <millis>1691710346163</millis>
  <nanos>215400</nanos>
  <sequence>45</sequence>
  <logger>InfoLogger</logger>
  <level>INFO</level>
  <class>passengers.Passenger</class>
  <method>&lt;init&gt;</method>
  <thread>23</thread>
  <message>Passenger created: Jovan Durand</message>
</record>
<record>
  <date>2023-08-10T23:32:26.164215Z</date>
  <millis>1691710346164</millis>
  <nanos>215000</nanos>
  <sequence>46</sequence>
  <logger>InfoLogger</logger>
  <level>INFO</level>
  <class>vehicles.Truck</class>
  <method>&lt;init&gt;</method>
  <thread>23</thread>
  <message>Truck successfully created.</message>
</record>
<record>
  <date>2023-08-10T23:32:26.164215Z</date>
  <millis>1691710346164</millis>
  <nanos>215000</nanos>
  <sequence>47</sequence>
  <logger>InfoLogger</logger>
  <level>INFO</level>
  <class>passengers.Passenger</class>
  <method>&lt;init&gt;</method>
  <thread>23</thread>
  <message>Passenger created: Vesna Suzuki</message>
</record>
<record>
  <date>2023-08-10T23:32:26.164215Z</date>
  <millis>1691710346164</millis>
  <nanos>215000</nanos>
  <sequence>48</sequence>
  <logger>InfoLogger</logger>
  <level>INFO</level>
  <class>passengers.Passenger</class>
  <method>&lt;init&gt;</method>
  <thread>23</thread>
  <message>Passenger created: Emanuele Petrov</message>
</record>
<record>
  <date>2023-08-10T23:32:26.165210600Z</date>
  <millis>1691710346165</millis>
  <nanos>210600</nanos>
  <sequence>49</sequence>
  <logger>InfoLogger</logger>
  <level>INFO</level>
  <class>passengers.Passenger</class>
  <method>&lt;init&gt;</method>
  <thread>23</thread>
  <message>Passenger created: Ekaterina Martinez</message>
</record>
<record>
  <date>2023-08-10T23:32:26.165210600Z</date>
  <millis>1691710346165</millis>
  <nanos>210600</nanos>
  <sequence>50</sequence>
  <logger>InfoLogger</logger>
  <level>INFO</level>
  <class>vehicles.Truck</class>
  <method>&lt;init&gt;</method>
  <thread>23</thread>
  <message>Truck successfully created.</message>
</record>
<record>
  <date>2023-08-10T23:32:26.165210600Z</date>
  <millis>1691710346165</millis>
  <nanos>210600</nanos>
  <sequence>51</sequence>
  <logger>InfoLogger</logger>
  <level>INFO</level>
  <class>passengers.Passenger</class>
  <method>&lt;init&gt;</method>
  <thread>23</thread>
  <message>Passenger created: Dmitri Ferrari</message>
</record>
<record>
  <date>2023-08-10T23:32:26.166206700Z</date>
  <millis>1691710346166</millis>
  <nanos>206700</nanos>
  <sequence>52</sequence>
  <logger>InfoLogger</logger>
  <level>INFO</level>
  <class>passengers.Passenger</class>
  <method>&lt;init&gt;</method>
  <thread>23</thread>
  <message>Passenger created: Ekaterina Lebedev</message>
</record>
<record>
  <date>2023-08-10T23:32:26.166206700Z</date>
  <millis>1691710346166</millis>
  <nanos>206700</nanos>
  <sequence>53</sequence>
  <logger>InfoLogger</logger>
  <level>INFO</level>
  <class>passengers.Passenger</class>
  <method>&lt;init&gt;</method>
  <thread>23</thread>
  <message>Passenger created: Francesca Petrov</message>
</record>
<record>
  <date>2023-08-10T23:32:26.166206700Z</date>
  <millis>1691710346166</millis>
  <nanos>206700</nanos>
  <sequence>54</sequence>
  <logger>InfoLogger</logger>
  <level>INFO</level>
  <class>vehicles.Truck</class>
  <method>&lt;init&gt;</method>
  <thread>23</thread>
  <message>Truck successfully created.</message>
</record>
